[0m00:07:57.560950 [debug] [MainThread]: Sending event: {'category': 'dbt', 'action': 'invocation', 'label': 'start', 'context': [<snowplow_tracker.self_describing_json.SelfDescribingJson object at 0x795433eb2810>, <snowplow_tracker.self_describing_json.SelfDescribingJson object at 0x795433630cb0>, <snowplow_tracker.self_describing_json.SelfDescribingJson object at 0x795433eb30e0>]}


============================== 00:07:57.566104 | a4b27c6c-cbba-493c-920c-8fb782b133de ==============================
[0m00:07:57.566104 [info ] [MainThread]: Running with dbt=1.11.6
[0m00:07:57.567065 [debug] [MainThread]: running dbt with arguments {'printer_width': '80', 'empty': 'None', 'quiet': 'False', 'indirect_selection': 'eager', 'invocation_command': 'dbt init nordic_retail', 'send_anonymous_usage_stats': 'True', 'log_path': 'logs', 'fail_fast': 'False', 'no_print': 'None', 'target_path': 'None', 'log_cache_events': 'False', 'static_parser': 'True', 'partial_parse': 'True', 'log_format': 'default', 'version_check': 'True', 'profiles_dir': '/home/hui_yang_uu/.dbt', 'use_colors': 'True', 'use_experimental_parser': 'False', 'warn_error': 'None', 'write_json': 'True', 'cache_selected_only': 'False', 'warn_error_options': 'WarnErrorOptionsV2(error=[], warn=[], silence=[])', 'introspect': 'True', 'debug': 'False'}
[0m00:07:57.602866 [info ] [MainThread]: Creating dbt configuration folder at /home/hui_yang_uu/.dbt
[0m00:07:57.605308 [debug] [MainThread]: Starter project path: /home/hui_yang_uu/.local/lib/python3.12/site-packages/dbt/include/starter_project
[0m00:07:57.608112 [info ] [MainThread]: 
Your new dbt project "nordic_retail" was created!

For more information on how to configure the profiles.yml file,
please consult the dbt documentation here:

  https://docs.getdbt.com/docs/configure-your-profile

One more thing:

Need help? Don't hesitate to reach out to us via GitHub issues or on Slack:

  https://community.getdbt.com/

Happy modeling!

[0m00:07:57.608864 [info ] [MainThread]: Setting up your profile.
[0m00:08:57.511488 [error] [MainThread]: Encountered an error:

[0m00:08:57.514866 [error] [MainThread]: Traceback (most recent call last):
  File "/home/hui_yang_uu/.local/lib/python3.12/site-packages/dbt/cli/requires.py", line 182, in wrapper
    result, success = func(*args, **kwargs)
                      ^^^^^^^^^^^^^^^^^^^^^
  File "/home/hui_yang_uu/.local/lib/python3.12/site-packages/dbt/cli/requires.py", line 128, in wrapper
    return func(*args, **kwargs)
           ^^^^^^^^^^^^^^^^^^^^^
  File "/home/hui_yang_uu/.local/lib/python3.12/site-packages/dbt/cli/main.py", line 483, in init
    results = task.run()
              ^^^^^^^^^^
  File "/home/hui_yang_uu/.local/lib/python3.12/site-packages/dbt/task/init.py", line 346, in run
    self.setup_profile(profile_name)
  File "/home/hui_yang_uu/.local/lib/python3.12/site-packages/dbt/task/init.py", line 262, in setup_profile
    self.create_profile_from_target(adapter, profile_name=profile_name)
  File "/home/hui_yang_uu/.local/lib/python3.12/site-packages/dbt/task/init.py", line 179, in create_profile_from_target
    self.create_profile_from_profile_template(profile_template, profile_name)
  File "/home/hui_yang_uu/.local/lib/python3.12/site-packages/dbt/task/init.py", line 163, in create_profile_from_profile_template
    target = self.generate_target_from_input(prompts, initial_target)
             ^^^^^^^^^^^^^^^^^^^^^^^^^^^^^^^^^^^^^^^^^^^^^^^^^^^^^^^^
  File "/home/hui_yang_uu/.local/lib/python3.12/site-packages/dbt/task/init.py", line 116, in generate_target_from_input
    target = self.generate_target_from_input(
             ^^^^^^^^^^^^^^^^^^^^^^^^^^^^^^^^
  File "/home/hui_yang_uu/.local/lib/python3.12/site-packages/dbt/task/init.py", line 129, in generate_target_from_input
    target[key] = click.prompt(
                  ^^^^^^^^^^^^^
  File "/home/hui_yang_uu/.local/lib/python3.12/site-packages/click/termui.py", line 171, in prompt
    value = prompt_func(prompt)
            ^^^^^^^^^^^^^^^^^^^
  File "/home/hui_yang_uu/.local/lib/python3.12/site-packages/click/termui.py", line 154, in prompt_func
    raise Abort() from None
click.exceptions.Abort

[0m00:08:57.516092 [debug] [MainThread]: Resource report: {"command_name": "init", "command_success": false, "command_wall_clock_time": 60.03934, "process_in_blocks": "536", "process_kernel_time": 0.668932, "process_mem_max_rss": "363504", "process_out_blocks": "80", "process_user_time": 5.378622}
[0m00:08:57.517658 [debug] [MainThread]: Command `dbt init` failed at 00:08:57.517451 after 60.04 seconds
[0m00:08:57.518370 [debug] [MainThread]: Sending event: {'category': 'dbt', 'action': 'invocation', 'label': 'end', 'context': [<snowplow_tracker.self_describing_json.SelfDescribingJson object at 0x795433e68230>, <snowplow_tracker.self_describing_json.SelfDescribingJson object at 0x795415579ee0>, <snowplow_tracker.self_describing_json.SelfDescribingJson object at 0x795414d3ae40>]}
[0m00:08:57.519036 [debug] [MainThread]: Flushing usage events
[0m00:08:57.887937 [debug] [MainThread]: An error was encountered while trying to flush usage events
[0m00:09:37.338477 [debug] [MainThread]: Sending event: {'category': 'dbt', 'action': 'invocation', 'label': 'start', 'context': [<snowplow_tracker.self_describing_json.SelfDescribingJson object at 0x79f5c04156d0>, <snowplow_tracker.self_describing_json.SelfDescribingJson object at 0x79f5c043e480>, <snowplow_tracker.self_describing_json.SelfDescribingJson object at 0x79f5c013b530>]}


============================== 00:09:37.343868 | ea6d5d9f-4a1d-4dda-8f0f-94b362d2b4be ==============================
[0m00:09:37.343868 [info ] [MainThread]: Running with dbt=1.11.6
[0m00:09:37.345272 [debug] [MainThread]: running dbt with arguments {'warn_error': 'None', 'no_print': 'None', 'partial_parse': 'True', 'write_json': 'True', 'indirect_selection': 'eager', 'static_parser': 'True', 'cache_selected_only': 'False', 'printer_width': '80', 'version_check': 'True', 'quiet': 'False', 'send_anonymous_usage_stats': 'True', 'empty': 'None', 'warn_error_options': 'WarnErrorOptionsV2(error=[], warn=[], silence=[])', 'debug': 'False', 'log_path': 'logs', 'log_cache_events': 'False', 'introspect': 'True', 'profiles_dir': '/home/hui_yang_uu/.dbt', 'use_colors': 'True', 'fail_fast': 'False', 'log_format': 'default', 'use_experimental_parser': 'False', 'invocation_command': 'dbt init nordic_retail', 'target_path': 'None'}
[0m00:09:37.357887 [info ] [MainThread]: A project called nordic_retail already exists here.
[0m00:09:37.360087 [debug] [MainThread]: Resource report: {"command_name": "init", "command_success": true, "command_wall_clock_time": 0.108794704, "process_in_blocks": "0", "process_kernel_time": 0.189027, "process_mem_max_rss": "101696", "process_out_blocks": "8", "process_user_time": 2.145866}
[0m00:09:37.360975 [debug] [MainThread]: Command `dbt init` succeeded at 00:09:37.360762 after 0.11 seconds
[0m00:09:37.361577 [debug] [MainThread]: Sending event: {'category': 'dbt', 'action': 'invocation', 'label': 'end', 'context': [<snowplow_tracker.self_describing_json.SelfDescribingJson object at 0x79f5bfca2de0>, <snowplow_tracker.self_describing_json.SelfDescribingJson object at 0x79f5c04156d0>, <snowplow_tracker.self_describing_json.SelfDescribingJson object at 0x79f5bf558050>]}
[0m00:09:37.362211 [debug] [MainThread]: Flushing usage events
[0m00:09:37.745683 [debug] [MainThread]: An error was encountered while trying to flush usage events
[0m20:16:15.078164 [debug] [MainThread]: Sending event: {'category': 'dbt', 'action': 'invocation', 'label': 'start', 'context': [<snowplow_tracker.self_describing_json.SelfDescribingJson object at 0x7e552bceb0e0>, <snowplow_tracker.self_describing_json.SelfDescribingJson object at 0x7e552d8872f0>, <snowplow_tracker.self_describing_json.SelfDescribingJson object at 0x7e552cb9f860>]}


============================== 20:16:15.129531 | 43c11275-28aa-46e5-9c24-66dee0f2b7aa ==============================
[0m20:16:15.129531 [info ] [MainThread]: Running with dbt=1.11.6
[0m20:16:15.130672 [debug] [MainThread]: running dbt with arguments {'debug': 'False', 'profiles_dir': '/home/hui_yang_uu/.dbt', 'partial_parse': 'True', 'no_print': 'None', 'target_path': 'None', 'use_experimental_parser': 'False', 'write_json': 'True', 'send_anonymous_usage_stats': 'True', 'use_colors': 'True', 'empty': 'None', 'invocation_command': 'dbt debug', 'cache_selected_only': 'False', 'warn_error': 'None', 'log_path': 'logs', 'quiet': 'False', 'printer_width': '80', 'static_parser': 'True', 'fail_fast': 'False', 'version_check': 'True', 'warn_error_options': 'WarnErrorOptionsV2(error=[], warn=[], silence=[])', 'introspect': 'True', 'log_cache_events': 'False', 'indirect_selection': 'eager', 'log_format': 'default'}
[0m20:16:15.182005 [info ] [MainThread]: dbt version: 1.11.6
[0m20:16:15.182913 [info ] [MainThread]: python version: 3.12.3
[0m20:16:15.183779 [info ] [MainThread]: python path: /usr/bin/python3
[0m20:16:15.184748 [info ] [MainThread]: os info: Linux-6.6.123+-x86_64-with-glibc2.39
[0m20:16:25.255513 [info ] [MainThread]: Using profiles dir at /home/hui_yang_uu/.dbt
[0m20:16:25.256340 [info ] [MainThread]: Using profiles.yml file at /home/hui_yang_uu/.dbt/profiles.yml
[0m20:16:25.257310 [info ] [MainThread]: Using dbt_project.yml file at /home/hui_yang_uu/dbt_learn/dbt_project.yml
[0m20:16:25.258353 [info ] [MainThread]: adapter type: bigquery
[0m20:16:25.259159 [info ] [MainThread]: adapter version: 1.11.0
[0m20:16:25.260012 [info ] [MainThread]: Configuration:
[0m20:16:25.260722 [info ] [MainThread]:   profiles.yml file [[32mOK found and valid[0m]
[0m20:16:25.261438 [info ] [MainThread]:   dbt_project.yml file [[31mERROR not found[0m]
[0m20:16:25.262186 [info ] [MainThread]: Required dependencies:
[0m20:16:25.262902 [debug] [MainThread]: Executing "git --help"
[0m20:16:25.268076 [debug] [MainThread]: STDOUT: "b"usage: git [-v | --version] [-h | --help] [-C <path>] [-c <name>=<value>]\n           [--exec-path[=<path>]] [--html-path] [--man-path] [--info-path]\n           [-p | --paginate | -P | --no-pager] [--no-replace-objects] [--bare]\n           [--git-dir=<path>] [--work-tree=<path>] [--namespace=<name>]\n           [--config-env=<name>=<envvar>] <command> [<args>]\n\nThese are common Git commands used in various situations:\n\nstart a working area (see also: git help tutorial)\n   clone     Clone a repository into a new directory\n   init      Create an empty Git repository or reinitialize an existing one\n\nwork on the current change (see also: git help everyday)\n   add       Add file contents to the index\n   mv        Move or rename a file, a directory, or a symlink\n   restore   Restore working tree files\n   rm        Remove files from the working tree and from the index\n\nexamine the history and state (see also: git help revisions)\n   bisect    Use binary search to find the commit that introduced a bug\n   diff      Show changes between commits, commit and working tree, etc\n   grep      Print lines matching a pattern\n   log       Show commit logs\n   show      Show various types of objects\n   status    Show the working tree status\n\ngrow, mark and tweak your common history\n   branch    List, create, or delete branches\n   commit    Record changes to the repository\n   merge     Join two or more development histories together\n   rebase    Reapply commits on top of another base tip\n   reset     Reset current HEAD to the specified state\n   switch    Switch branches\n   tag       Create, list, delete or verify a tag object signed with GPG\n\ncollaborate (see also: git help workflows)\n   fetch     Download objects and refs from another repository\n   pull      Fetch from and integrate with another repository or a local branch\n   push      Update remote refs along with associated objects\n\n'git help -a' and 'git help -g' list available subcommands and some\nconcept guides. See 'git help <command>' or 'git help <concept>'\nto read about a specific subcommand or concept.\nSee 'git help git' for an overview of the system.\n""
[0m20:16:25.268867 [debug] [MainThread]: STDERR: "b''"
[0m20:16:25.269358 [info ] [MainThread]:  - git [[32mOK found[0m]

[0m20:16:25.270083 [info ] [MainThread]: Connection:
[0m20:16:25.270864 [info ] [MainThread]:   method: oauth
[0m20:16:25.271805 [info ] [MainThread]:   database: nordic-retail-intel-2025
[0m20:16:25.272485 [info ] [MainThread]:   execution_project: nordic-retail-intel-2025
[0m20:16:25.273252 [info ] [MainThread]:   schema: dbt_staging
[0m20:16:25.273991 [info ] [MainThread]:   location: EU
[0m20:16:25.274670 [info ] [MainThread]:   priority: None
[0m20:16:25.275282 [info ] [MainThread]:   maximum_bytes_billed: None
[0m20:16:25.276091 [info ] [MainThread]:   impersonate_service_account: None
[0m20:16:25.276840 [info ] [MainThread]:   job_retry_deadline_seconds: None
[0m20:16:25.277532 [info ] [MainThread]:   job_retries: 1
[0m20:16:25.278639 [info ] [MainThread]:   job_creation_timeout_seconds: None
[0m20:16:25.279441 [info ] [MainThread]:   job_execution_timeout_seconds: 300
[0m20:16:25.280188 [info ] [MainThread]:   timeout_seconds: 300
[0m20:16:25.280981 [info ] [MainThread]:   client_id: None
[0m20:16:25.281655 [info ] [MainThread]:   token_uri: None
[0m20:16:25.282356 [info ] [MainThread]:   compute_region: None
[0m20:16:25.283070 [info ] [MainThread]:   dataproc_cluster_name: None
[0m20:16:25.283781 [info ] [MainThread]:   gcs_bucket: None
[0m20:16:25.284465 [info ] [MainThread]:   dataproc_batch: None
[0m20:16:25.285416 [info ] [MainThread]: Registered adapter: bigquery=1.11.0
[0m20:16:25.563782 [debug] [MainThread]: Acquiring new bigquery connection 'debug'
[0m20:16:25.564517 [debug] [MainThread]: On debug: select 1 as id
[0m20:16:25.566868 [debug] [MainThread]: Opening a new connection, currently in state init
[0m20:16:26.080439 [debug] [MainThread]: BigQuery adapter: https://console.cloud.google.com/bigquery?project=nordic-retail-intel-2025&j=bq:EU:deacc028-55fb-4ed5-aad7-fac4c810a2c3&page=queryresults
[0m20:16:26.228780 [debug] [MainThread]: SQL status: OK in 0.148 seconds
[0m20:16:26.524651 [info ] [MainThread]:   Connection test: [[32mOK connection ok[0m]

[0m20:16:26.525375 [info ] [MainThread]: [31m1 check failed:[0m
[0m20:16:26.526157 [info ] [MainThread]: Project loading failed for the following reason:
 project path </home/hui_yang_uu/dbt_learn/dbt_project.yml> not found

[0m20:16:26.527350 [debug] [MainThread]: Resource report: {"command_name": "debug", "command_success": false, "command_wall_clock_time": 11.536468, "process_in_blocks": "403608", "process_kernel_time": 1.326379, "process_mem_max_rss": "368576", "process_out_blocks": "32", "process_user_time": 6.608763}
[0m20:16:26.528124 [debug] [MainThread]: Command `dbt debug` failed at 20:16:26.527972 after 11.54 seconds
[0m20:16:26.528678 [debug] [MainThread]: Connection 'debug' was properly closed.
[0m20:16:26.529237 [debug] [MainThread]: Sending event: {'category': 'dbt', 'action': 'invocation', 'label': 'end', 'context': [<snowplow_tracker.self_describing_json.SelfDescribingJson object at 0x7e552af9bfe0>, <snowplow_tracker.self_describing_json.SelfDescribingJson object at 0x7e552af9bef0>, <snowplow_tracker.self_describing_json.SelfDescribingJson object at 0x7e550ccf2210>]}
[0m20:16:26.529852 [debug] [MainThread]: Flushing usage events
[0m20:16:26.901006 [debug] [MainThread]: An error was encountered while trying to flush usage events
